<?xml version="1.0" encoding="UTF-8"?>
<!-- Generated by org.testng.reporters.JUnitXMLReporter -->
<testsuite hostname="noi-arun-1012.agfamonotype.org" ignored="0" name="Test" tests="3" failures="0" timestamp="22 May 2019 11:25:08 GMT" time="8.095" errors="0">
  <testcase name="verifyCanRelistTest" time="0.264" classname="com.arun.framework.catalogueDetailsAPITests"/>
  <testcase name="verifyCarbonCreditsTest" time="0.016" classname="com.arun.framework.catalogueDetailsAPITests"/>
  <testcase name="verifyGalleryPromotionTextTest" time="0.059" classname="com.arun.framework.catalogueDetailsAPITests"/>
</testsuite> <!-- Test -->
