<?xml version="1.0" encoding="UTF-8"?>
<!-- Generated by org.testng.reporters.JUnitXMLReporter -->
<testsuite hostname="noi-arun-1012.agfamonotype.org" ignored="0" name="Test" tests="3" failures="0" timestamp="23 May 2019 04:57:38 GMT" time="10.507" errors="0">
  <testcase name="verifyCanRelistTest" time="0.33" classname="com.arun.framework.catalogueDetailsAPITests"/>
  <testcase name="verifyCarbonCreditsTest" time="0.02" classname="com.arun.framework.catalogueDetailsAPITests"/>
  <testcase name="verifyGalleryPromotionTextTest" time="0.064" classname="com.arun.framework.catalogueDetailsAPITests"/>
</testsuite> <!-- Test -->
