<?xml version="1.0" encoding="UTF-8"?>
<testng-results skipped="0" failed="0" ignored="0" total="3" passed="3">
  <reporter-output>
  </reporter-output>
  <suite name="Suite" duration-ms="10507" started-at="2019-05-23T04:57:27Z" finished-at="2019-05-23T04:57:38Z">
    <groups>
    </groups>
    <test name="Test" duration-ms="10507" started-at="2019-05-23T04:57:27Z" finished-at="2019-05-23T04:57:38Z">
      <class name="com.arun.framework.catalogueDetailsAPITests">
        <test-method status="PASS" signature="getData()[pri:0, instance:com.arun.framework.catalogueDetailsAPITests@17f6480]" name="getData" is-config="true" duration-ms="4536" started-at="2019-05-23T10:27:27Z" finished-at="2019-05-23T10:27:32Z">
          <reporter-output>
          </reporter-output>
        </test-method> <!-- getData -->
        <test-method status="PASS" signature="verifyCanRelistTest()[pri:0, instance:com.arun.framework.catalogueDetailsAPITests@17f6480]" name="verifyCanRelistTest" duration-ms="330" started-at="2019-05-23T10:27:32Z" finished-at="2019-05-23T10:27:32Z">
          <reporter-output>
          </reporter-output>
        </test-method> <!-- verifyCanRelistTest -->
        <test-method status="PASS" signature="getData()[pri:0, instance:com.arun.framework.catalogueDetailsAPITests@17f6480]" name="getData" is-config="true" duration-ms="2780" started-at="2019-05-23T10:27:32Z" finished-at="2019-05-23T10:27:35Z">
          <reporter-output>
          </reporter-output>
        </test-method> <!-- getData -->
        <test-method status="PASS" signature="verifyCarbonCreditsTest()[pri:0, instance:com.arun.framework.catalogueDetailsAPITests@17f6480]" name="verifyCarbonCreditsTest" duration-ms="20" started-at="2019-05-23T10:27:35Z" finished-at="2019-05-23T10:27:35Z">
          <reporter-output>
          </reporter-output>
        </test-method> <!-- verifyCarbonCreditsTest -->
        <test-method status="PASS" signature="getData()[pri:0, instance:com.arun.framework.catalogueDetailsAPITests@17f6480]" name="getData" is-config="true" duration-ms="2757" started-at="2019-05-23T10:27:35Z" finished-at="2019-05-23T10:27:37Z">
          <reporter-output>
          </reporter-output>
        </test-method> <!-- getData -->
        <test-method status="PASS" signature="verifyGalleryPromotionTextTest()[pri:0, instance:com.arun.framework.catalogueDetailsAPITests@17f6480]" name="verifyGalleryPromotionTextTest" duration-ms="64" started-at="2019-05-23T10:27:37Z" finished-at="2019-05-23T10:27:38Z">
          <reporter-output>
          </reporter-output>
        </test-method> <!-- verifyGalleryPromotionTextTest -->
      </class> <!-- com.arun.framework.catalogueDetailsAPITests -->
    </test> <!-- Test -->
  </suite> <!-- Suite -->
</testng-results>
