<?xml version="1.0" encoding="UTF-8"?>
<testng-results skipped="0" failed="0" ignored="0" total="3" passed="3">
  <reporter-output>
  </reporter-output>
  <suite name="Suite" duration-ms="8095" started-at="2019-05-22T11:25:00Z" finished-at="2019-05-22T11:25:08Z">
    <groups>
    </groups>
    <test name="Test" duration-ms="8095" started-at="2019-05-22T11:25:00Z" finished-at="2019-05-22T11:25:08Z">
      <class name="com.arun.framework.catalogueDetailsAPITests">
        <test-method status="PASS" signature="getData()[pri:0, instance:com.arun.framework.catalogueDetailsAPITests@7f690630]" name="getData" is-config="true" duration-ms="3316" started-at="2019-05-22T16:55:00Z" finished-at="2019-05-22T16:55:03Z">
          <reporter-output>
          </reporter-output>
        </test-method> <!-- getData -->
        <test-method status="PASS" signature="verifyCanRelistTest()[pri:0, instance:com.arun.framework.catalogueDetailsAPITests@7f690630]" name="verifyCanRelistTest" duration-ms="264" started-at="2019-05-22T16:55:03Z" finished-at="2019-05-22T16:55:03Z">
          <reporter-output>
          </reporter-output>
        </test-method> <!-- verifyCanRelistTest -->
        <test-method status="PASS" signature="getData()[pri:0, instance:com.arun.framework.catalogueDetailsAPITests@7f690630]" name="getData" is-config="true" duration-ms="2286" started-at="2019-05-22T16:55:03Z" finished-at="2019-05-22T16:55:06Z">
          <reporter-output>
          </reporter-output>
        </test-method> <!-- getData -->
        <test-method status="PASS" signature="verifyCarbonCreditsTest()[pri:0, instance:com.arun.framework.catalogueDetailsAPITests@7f690630]" name="verifyCarbonCreditsTest" duration-ms="16" started-at="2019-05-22T16:55:06Z" finished-at="2019-05-22T16:55:06Z">
          <reporter-output>
          </reporter-output>
        </test-method> <!-- verifyCarbonCreditsTest -->
        <test-method status="PASS" signature="getData()[pri:0, instance:com.arun.framework.catalogueDetailsAPITests@7f690630]" name="getData" is-config="true" duration-ms="2134" started-at="2019-05-22T16:55:06Z" finished-at="2019-05-22T16:55:08Z">
          <reporter-output>
          </reporter-output>
        </test-method> <!-- getData -->
        <test-method status="PASS" signature="verifyGalleryPromotionTextTest()[pri:0, instance:com.arun.framework.catalogueDetailsAPITests@7f690630]" name="verifyGalleryPromotionTextTest" duration-ms="59" started-at="2019-05-22T16:55:08Z" finished-at="2019-05-22T16:55:08Z">
          <reporter-output>
          </reporter-output>
        </test-method> <!-- verifyGalleryPromotionTextTest -->
      </class> <!-- com.arun.framework.catalogueDetailsAPITests -->
    </test> <!-- Test -->
  </suite> <!-- Suite -->
</testng-results>
